<?xml version="1.0" encoding="UTF-8"?>
<testng-results ignored="0" total="2" passed="2" failed="0" skipped="0">
  <reporter-output>
  </reporter-output>
  <suite started-at="2024-11-20T12:58:25 IST" name="Suite" finished-at="2024-11-20T12:58:54 IST" duration-ms="28807">
    <groups>
      <group name="regression">
        <method signature="TC_Registractiontest.verify_registraction()[pri:0, instance:testCases.TC_Registractiontest@49139829]" name="verify_registraction" class="testCases.TC_Registractiontest"/>
      </group> <!-- regression -->
      <group name="sanity">
        <method signature="TC_LoginTest.verifyLogin()[pri:0, instance:testCases.TC_LoginTest@77fbd92c]" name="verifyLogin" class="testCases.TC_LoginTest"/>
      </group> <!-- sanity -->
    </groups>
    <test started-at="2024-11-20T12:58:25 IST" name="Test" finished-at="2024-11-20T12:58:54 IST" duration-ms="28807">
      <class name="testCases.TC_Registractiontest">
        <test-method is-config="true" signature="browserlaunch(java.lang.String)[pri:0, instance:testCases.TC_Registractiontest@49139829]" started-at="2024-11-20T12:58:25 IST" name="browserlaunch" finished-at="2024-11-20T12:58:36 IST" duration-ms="10483" status="PASS">
          <params>
            <param index="0">
              <value>
                <![CDATA[chrome]]>
              </value>
            </param>
          </params>
          <reporter-output>
          </reporter-output>
        </test-method> <!-- browserlaunch -->
        <test-method signature="verify_registraction()[pri:0, instance:testCases.TC_Registractiontest@49139829]" started-at="2024-11-20T12:58:36 IST" name="verify_registraction" finished-at="2024-11-20T12:58:42 IST" duration-ms="5979" status="PASS">
          <reporter-output>
          </reporter-output>
        </test-method> <!-- verify_registraction -->
        <test-method is-config="true" signature="browserclose()[pri:0, instance:testCases.TC_Registractiontest@49139829]" started-at="2024-11-20T12:58:42 IST" name="browserclose" finished-at="2024-11-20T12:58:42 IST" duration-ms="553" status="PASS">
          <reporter-output>
          </reporter-output>
        </test-method> <!-- browserclose -->
      </class> <!-- testCases.TC_Registractiontest -->
      <class name="testCases.TC_LoginTest">
        <test-method is-config="true" signature="browserlaunch(java.lang.String)[pri:0, instance:testCases.TC_LoginTest@77fbd92c]" started-at="2024-11-20T12:58:42 IST" name="browserlaunch" finished-at="2024-11-20T12:58:48 IST" duration-ms="5884" status="PASS">
          <params>
            <param index="0">
              <value>
                <![CDATA[chrome]]>
              </value>
            </param>
          </params>
          <reporter-output>
          </reporter-output>
        </test-method> <!-- browserlaunch -->
        <test-method signature="verifyLogin()[pri:0, instance:testCases.TC_LoginTest@77fbd92c]" started-at="2024-11-20T12:58:48 IST" name="verifyLogin" finished-at="2024-11-20T12:58:53 IST" duration-ms="5196" status="PASS">
          <reporter-output>
          </reporter-output>
        </test-method> <!-- verifyLogin -->
        <test-method is-config="true" signature="browserclose()[pri:0, instance:testCases.TC_LoginTest@77fbd92c]" started-at="2024-11-20T12:58:53 IST" name="browserclose" finished-at="2024-11-20T12:58:54 IST" duration-ms="535" status="PASS">
          <reporter-output>
          </reporter-output>
        </test-method> <!-- browserclose -->
      </class> <!-- testCases.TC_LoginTest -->
    </test> <!-- Test -->
  </suite> <!-- Suite -->
</testng-results>
